<?xml version="1.0" encoding="UTF-8"?>
<!-- Generated by org.testng.reporters.JUnitXMLReporter -->
<testsuite hostname="DESKTOP-E4S6IGS" ignored="0" name=" Regression" tests="3" failures="0" timestamp="2022-12-19T13:59:55 EST" time="0.078" errors="0">
  <testcase name="Writetestcases" time="0.0" classname="Selenium1.Testnew"/>
  <testcase name="Executetestcase" time="0.0" classname="Selenium1.Testnew"/>
  <testcase name="Defect" time="0.0" classname="Selenium1.Testnew"/>
</testsuite> <!--  Regression -->
